\BOOKMARK [1][-]{section.1}{Fundamentals of astronomical observation}{}% 1
\BOOKMARK [2][-]{subsection.1.1}{Basics of CCD detectors}{section.1}% 2
\BOOKMARK [3][-]{subsubsection.1.1.1}{CCDs}{subsection.1.1}% 3
\BOOKMARK [3][-]{subsubsection.1.1.2}{Advantages and important characteristics of CCDs}{subsection.1.1}% 4
\BOOKMARK [2][-]{subsection.1.2}{Basics of astronomical data}{section.1}% 5
\BOOKMARK [3][-]{subsubsection.1.2.1}{Data-influencing effects and corresponding measures}{subsection.1.2}% 6
\BOOKMARK [3][-]{subsubsection.1.2.2}{Data reduction}{subsection.1.2}% 7
\BOOKMARK [2][-]{subsection.1.3}{Basics of photometry}{section.1}% 8
\BOOKMARK [3][-]{subsubsection.1.3.1}{Magnitudes}{subsection.1.3}% 9
\BOOKMARK [3][-]{subsubsection.1.3.2}{Observation of a star}{subsection.1.3}% 10
\BOOKMARK [3][-]{subsubsection.1.3.3}{Filter system}{subsection.1.3}% 11
\BOOKMARK [2][-]{subsection.1.4}{Relevant astronomy}{section.1}% 12
\BOOKMARK [3][-]{subsubsection.1.4.1}{The Hertzsprung-Russel-Diagramm}{subsection.1.4}% 13
\BOOKMARK [3][-]{subsubsection.1.4.2}{Globular clusters}{subsection.1.4}% 14
\BOOKMARK [1][-]{section.2}{Layout}{}% 15
\BOOKMARK [2][-]{subsection.2.1}{Hardware}{section.2}% 16
\BOOKMARK [2][-]{subsection.2.2}{Software}{section.2}% 17
\BOOKMARK [1][-]{section.3}{Measurement and Evaluation}{}% 18
\BOOKMARK [2][-]{subsection.3.1}{Characteristics of the CCD}{section.3}% 19
\BOOKMARK [3][-]{subsubsection.3.1.1}{Bias correction}{subsection.3.1}% 20
\BOOKMARK [3][-]{subsubsection.3.1.2}{Dark measure}{subsection.3.1}% 21
\BOOKMARK [3][-]{subsubsection.3.1.3}{Flat-field correction}{subsection.3.1}% 22
\BOOKMARK [3][-]{subsubsection.3.1.4}{Linearity and dynamical range}{subsection.3.1}% 23
\BOOKMARK [3][-]{subsubsection.3.1.5}{Sensitivity and noise}{subsection.3.1}% 24
\BOOKMARK [2][-]{subsection.3.2}{Color magnitude diagram\(CMD\) of globular cluster M90}{section.3}% 25
\BOOKMARK [3][-]{subsubsection.3.2.1}{Zeropoint calibration}{subsection.3.2}% 26
\BOOKMARK [3][-]{subsubsection.3.2.2}{PSF fitting}{subsection.3.2}% 27
\BOOKMARK [3][-]{subsubsection.3.2.3}{Cross-match fitting results}{subsection.3.2}% 28
\BOOKMARK [3][-]{subsubsection.3.2.4}{Plot CMD and fit isochrones}{subsection.3.2}% 29
\BOOKMARK [1][-]{section.4}{Discussion}{}% 30
